{
  "RSpec": {
    "coverage": {
      "/Users/thenaox/training_examples/trainess_exam/spec/support/factories/comment.rb": [

      ],
      "/Users/thenaox/training_examples/trainess_exam/spec/support/factories/post.rb": [
        1,
        1,
        1,
        1,
        1,
        1,
        null,
        null
      ],
      "/Users/thenaox/training_examples/trainess_exam/spec/support/factories/user.rb": [
        1,
        1,
        1,
        1,
        1,
        null,
        null
      ]
    },
    "timestamp": 1361318589
  }
}
